<?xml version="1.0" encoding="UTF-8"?>
<testng-results skipped="0" failed="0" ignored="0" total="1" passed="1">
  <reporter-output>
  </reporter-output>
  <suite name="Default suite" duration-ms="9738" started-at="2020-09-23T21:13:05Z" finished-at="2020-09-23T21:13:15Z">
    <groups>
    </groups>
    <test name="Default test" duration-ms="9738" started-at="2020-09-23T21:13:05Z" finished-at="2020-09-23T21:13:15Z">
      <class name="Test1.Login">
        <test-method status="PASS" signature="ValidUserShouldBeAbleToLogin()[pri:0, instance:Test1.Login@35083305]" name="ValidUserShouldBeAbleToLogin" duration-ms="9698" started-at="2020-09-23T21:13:05Z" finished-at="2020-09-23T21:13:15Z">
          <reporter-output>
          </reporter-output>
        </test-method> <!-- ValidUserShouldBeAbleToLogin -->
      </class> <!-- Test1.Login -->
    </test> <!-- Default test -->
  </suite> <!-- Default suite -->
</testng-results>
